1
 
 
 
 
                      Warning: This computer program is protected by copyright law and international treaties.       
                  Unauthorized use, reproduction or distribution of this computer program, or any portion of it, may 
                                          result in severe civil and criminal penalties.                             
                         Copyright (C) 2016 MSC Software Corporation and its licensors. All rights reserved.         
 
 
                                              * * * * * * * * * * * * * * * * * * * *
                                              * * * * * * * * * * * * * * * * * * * *
                                              * *                                 * *
                                              * *           MSC Software          * *
                                              * *               CORP              * *
                                              * *                                 * *
                                              * *      M S C   N a s t r a n      * *
                                              * *                                 * *
                                              * *                                 * *
                                              * *                                 * *
                                              * *     Version 2017.0.0-CL450664   * *
                                              * *                                 * *
                                              * *                                 * *
                                              * *                                 * *
                                              * *          NOV 19, 2016           * *
                                              * *                                 * *
                                              * *              Intel              * *
                                              * *MODEL P5-4/5425 (USPBY1SLE2D8390 * *
                                              * * Windows 10 Enterprise 6.2 9200  * *
                                              * * Compiled for 8664 (SINGLE Mode) * *
                                              * *                                 * *
                                              * * * * * * * * * * * * * * * * * * * *
                                              * * * * * * * * * * * * * * * * * * * *
1News file - (September 29, 2016):
  
               Welcome to MSC Nastran 2017
  
  
   Details of the new capabilities can be found in the MSC Nastran 2017
     Release Guide available online in the installation documentation
     sub-directory.
   Additional information can be found at the MSC Nastran Product Support page:
  
      http://simcompanion.mscsoftware.com
  
  
   The support page provides links to these valuable information:
      * A searchable Knowledge Base containing examples and answers to thousands
        of frequently asked questions written by MSC Software subject-matter
        experts.
      * Peer-to-peer Discussion Forums enabling you to post questions for your
        MSC Software products and receive answers from other users worldwide.
      * A list of known issues with the product and any workarounds.
      * Instructions on how to contact technical support
      * A mechanism for sending us product feedback or enhancement requests.
      * Hardware and software requirements.
      * Examples and Tutorials
      * and much more.
  
   For information on training, please visit our Training web site
  
      http://www.mscsoftware.com/Contents/Services/Training/
  
   MSC Nastran brings powerful new features and enhancements for engineering
   solutions.
  
  
      HPC
      -  New ACMS method now supports External Superelement and Adams MNF
           creation.
      -  New ACMS method shows reduced memory requirements, in particular,
           for solid element models.
      -  A new method has been introduced to improve the robustnessof AUTOMSET.
      -  Automatic DMP support for fluid eigensolution problem.
  
      Acoustics
      -  A capability called PEAKOUT has been introduced to calculate the
           acoustic participation factors at the peaks of the frequency
           response.
      -  A new process is available to provide a confidence band associated with
           mid frequency for FRFs (frequency response) when modeling
           uncertainties exist in the stiffness, mass and/or damping in the
           mid-frequency range (300Hz - 1500Hz).
1 
      Embedded-Fatigue
      -  Capability has been extended for fatigue analysis in the (vibratory)
           frequency domain.
  
      Optimization
      -  MSC Nastran Embedded Vibratory Fatigue may be used as an objective or
           constraint in an optimization simulation. This is not available
           for topology optimization.
      -  Topology optimization may now be used to minimize mass under stress
           constraints for solid elements
      - A new manufacturing constraint to control maximum member size in
           topology optimization has been introduced
  
      Rotordynamics
      -  New methods options are available for defining different WR3/WR4
           damping for rotordynamics for individual rotors.
      -  CAMPBELL plots are now available in Sol 110.
      -  2D and 3D Rotors are now supported in SOL 110 and SOL 111.
  
      Implicit Nonlinear Analysis - SOL 400
      -  The Anand solder model has been added, this may also be used for
           creep analysis.
      -  The segment-to-segment method has been enhanced.
      -  Cohesive contact has been introduced to allow user defined normal
           and tangential contact stiffness.
  
      Results Database
      -  Additional data blocks have been added to the HDF5 file.
      -  The intermediate HDF5 is supported through OUTCTRL keyword in NLOPRM
           which allows viewing of the results during the calculation.
  
     Documentation
  
     The complete documentation set is provided in a separate installer and
     when installed is available at:
     MSC_DOC_DIR/doc/pdf_nastran directory.
     Where MSC_DOC_DIR is the directory where documentation was installed
     This help set has cross references between documents, links to how-to
     videos, and example files.
  
     Individual MSC Nastran documents are available for download from the
       Simcompanion Website at:
       http://simcompanion.mscsoftware.com/
  
     These documents were updated for the MSC Nastran 2017 Release
  
         1.  MSC Nastran 2017 Installation and Operations Guide
         2.  MSC Nastran 2017 Quick Reference Guide
         3.  MSC Nastran 2017 Release Guide
1        4.  MSC Nastran 2017 Linear Statics Analysis User's Guide
         5.  MSC Nastran 2017 Dynamic Analysis User's Guide
         6.  MSC Nastran 2017 Superelements User's Guide
         7.  MSC Nastran 2017 Rotordynamics User's Guide
         8.  MSC Nastran 2017 Demonstration Problems Manual
         9.  MSC Nastran 2017 Nastran Embedded Fatigue User's Guide
        10.  MSC Nastran 2017 Design Sensitivity and Optimization
        11.  MSC Nastran 2017 Nonlinear User's Guide SOL 400
        12.  MSC Nastran 2017 DMAP Programmer's Guide
  
    The following is a new manual for the MSC Nastrans 2017 Release
  
         1. MSC Nastran 2017 Nastran Embedded Vibration Fatigue User's Guide
  
  
    Please refer to:
  
    MSC_DOC_DIR/doc/pdf_nastran/nastran_library.pdf
  
1                                                                         SEPTEMBER  24, 2019  MSC Nastran 11/19/16   PAGE     1
                                                                                                                                    
0        N A S T R A N    F I L E    A N D    S Y S T E M    P A R A M E T E R    E C H O                                           
0                                                                                                                                   
                                                                                                                                    
                                                                                                                                    
     $ SYSFIELD=SCR*(RAW=YES,BUFFIO=YES,WNUM=16,WSIZE=16MB) $(C:/MSC/NASTRAN20170/CON
     $ SYSFIELD=DBALL(RAW=YES,BUFFIO=YES,WNUM=16,WSIZE=16MB) $(C:/MSC/NASTRAN20170/CO
     NASTRAN BUFFSIZE=32769 $(C:/MSC/NASTRAN20170/CONF/NAST20170.RCF[5])             
     INIT MASTER(S)                                                                  
     NASTRAN OP2NEW=0,SYSTEM(319)=1                                                  
1                                                                         SEPTEMBER  24, 2019  MSC Nastran 11/19/16   PAGE     2
                                                                                                                                    
0        N A S T R A N    E X E C U T I V E    C O N T R O L    E C H O                                                             
0                                                                                                                                   
                                                                                                                                    
                                                                                                                                    
     ID DYNAMICS,FEMAP                                                                       
     SOL SEMODES                                                                             
     CEND                                                                                    
1    A1                                                                   SEPTEMBER  24, 2019  MSC Nastran 11/19/16   PAGE     3
                                                                                                                                    
0                                                                                                                                   
0                                        C A S E    C O N T R O L    E C H O                                                        
                 COMMAND                                                                                                            
                 COUNT                                                                                                              
                  1        TITLE = A1                                                                            
                  2        ECHO = NONE                                                                           
                  3        DISPLACEMENT(PUNCH) = ALL                                                             
                  4        SPCFORCE(PUNCH) = ALL                                                                 
                  5        METHOD = 1                                                                            
                  6        SPC = 1                                                                               
                  7      BEGIN BULK                                                                              
1    A1                                                                   SEPTEMBER  24, 2019  MSC Nastran 11/19/16   PAGE     4
                                                                                                                                    
0                                                                                                                                   
                                        M O D E L   S U M M A R Y          BULK = 0
                                   ENTRY NAME        NUMBER OF ENTRIES
                                   ----------        -----------------
                                        CBEAM                        1
                                        CONM2                        1
                                       CORD2C                        1
                                       CORD2S                        1
                                        EIGRL                        1
                                         GRID                        2
                                         MAT1                        1
                                         MAT4                        1
                                        PARAM                        6
                                        PBEAM                        1
                                         SPC1                        1

 ^^^     
 ^^^ >>> IFP OPERATIONS COMPLETE <<< 
 ^^^     
 *** USER INFORMATION MESSAGE 4109 (OUTPX2)
     THE LABEL IS XXXXXXXX FOR FORTRAN UNIT 12
     (MAXIMUM SIZE OF FORTRAN RECORDS WRITTEN =          7 WORDS.)
           (NUMBER OF FORTRAN RECORDS WRITTEN =          8 RECORDS.)
                (TOTAL DATA WRITTEN FOR LABEL =         17 WORDS.)
1    A1                                                                   SEPTEMBER  24, 2019  MSC Nastran 11/19/16   PAGE     5
                                                                                                                                    
0                                                                                                                                   
                           O U T P U T   F R O M   G R I D   P O I N T   W E I G H T   G E N E R A T O R
0                                                     REFERENCE POINT =        0
                                                                M O
                      *  1.270491E+01  0.000000E+00  0.000000E+00  0.000000E+00  0.000000E+00  0.000000E+00 *
                      *  0.000000E+00  1.270491E+01  0.000000E+00  0.000000E+00  0.000000E+00  3.405737E+01 *
                      *  0.000000E+00  0.000000E+00  1.270491E+01  0.000000E+00 -3.405737E+01  0.000000E+00 *
                      *  0.000000E+00  0.000000E+00  0.000000E+00  1.352455E+00  0.000000E+00  0.000000E+00 *
                      *  0.000000E+00  0.000000E+00 -3.405737E+01  0.000000E+00  1.021721E+02  0.000000E+00 *
                      *  0.000000E+00  3.405737E+01  0.000000E+00  0.000000E+00  0.000000E+00  1.021721E+02 *
                                                                 S
                                           *  1.000000E+00  0.000000E+00  0.000000E+00 *
                                           *  0.000000E+00  1.000000E+00  0.000000E+00 *
                                           *  0.000000E+00  0.000000E+00  1.000000E+00 *
                               DIRECTION
                          MASS AXIS SYSTEM (S)     MASS              X-C.G.        Y-C.G.        Z-C.G.
                                  X            1.270491E+01      0.000000E+00  0.000000E+00  0.000000E+00
                                  Y            1.270491E+01      2.680646E+00  0.000000E+00  0.000000E+00
                                  Z            1.270491E+01      2.680646E+00  0.000000E+00  0.000000E+00
                                                                I(S)
                                           *  1.352455E+00  0.000000E+00  0.000000E+00 *
                                           *  0.000000E+00  1.087636E+01  0.000000E+00 *
                                           *  0.000000E+00  0.000000E+00  1.087636E+01 *
                                                                I(Q)
                                           *  1.352455E+00                             *
                                           *                1.087636E+01               *
                                           *                              1.087636E+01 *
                                                                 Q
                                           *  1.000000E+00  0.000000E+00  0.000000E+00 *
                                           *  0.000000E+00  1.000000E+00  0.000000E+00 *
                                           *  0.000000E+00  0.000000E+00  1.000000E+00 *

1    A1                                                                   SEPTEMBER  24, 2019  MSC Nastran 11/19/16   PAGE     6
                                                                                                                                    
0                                                                                                                                   
1    A1                                                                   SEPTEMBER  24, 2019  MSC Nastran 11/19/16   PAGE     7
                                                                                                                                    
0                                                                                                                                   
0 RESULTANTS ABOUT ORIGIN OF SUPERELEMENT BASIC COORDINATE SYSTEM IN SUPERELEMENT BASIC SYSTEM COORDINATES.

0                                                  OLOAD    RESULTANT       
  SUBCASE/    LOAD
  DAREA ID    TYPE       T1            T2            T3            R1            R2            R3
0        1     FX    0.000000E+00     ----          ----          ----       0.000000E+00  0.000000E+00                             
               FY       ----       0.000000E+00     ----       0.000000E+00     ----       0.000000E+00                             
               FZ       ----          ----       0.000000E+00  0.000000E+00  0.000000E+00     ----                                  
               MX       ----          ----          ----       0.000000E+00     ----          ----                                  
               MY       ----          ----          ----          ----       0.000000E+00     ----                                  
               MZ       ----          ----          ----          ----          ----       0.000000E+00                             
             TOTALS  0.000000E+00  0.000000E+00  0.000000E+00  0.000000E+00  0.000000E+00  0.000000E+00
1    A1                                                                   SEPTEMBER  24, 2019  MSC Nastran 11/19/16   PAGE     8
                                                                                                                                    
0                                                                                                                                   
0                                                                                                                                   
                                                                                                                                    
                                                                                                                                    
 *** USER INFORMATION MESSAGE 4415 (PRTPRN)
     THE FOLLOWING A-SET DEGREES OF FREEDOM HAVE EITHER NULL MASSES OR NULL MASSES AND STIFFNESS.
     User information:
     If the listed degrees of freedom have null mass for the GIV, HOU,
     MHOU, or MGIV methods, they are automatically omitted.  For the
     INV method, or for direct frequency or direct transient response,
     they are given the auto-elimination operation.  Inspect the listed
     degrees of freedom to ensure that masses or stiffnesses are not
     left out inadvertently.
1    A1                                                                   SEPTEMBER  24, 2019  MSC Nastran 11/19/16   PAGE     9
                                                                                                                                    
0                                                                                                                                   
0                VAXW                                                                                                               
     POINT           VALUE     POINT           VALUE     POINT           VALUE     POINT           VALUE     POINT           VALUE  
                                                                                                                                    

 COLUMN           1
          2 R2  1.00000E+00         2 R3  1.00000E+00
 *** USER INFORMATION MESSAGE 5458 (REIG)
     QL HOUSEHOLDER METHOD IS AUTOMATICALLY SELECTED .
     User information:
     Based upon automatic selection criteria the eigensolution was changed
     to this method. To turn off this automatic selection, please set
     system cell 359 to 0. In the case of an original Lanczos method
     selection, setting the NE field to zero on the READ DMAP line will
     also turn off this automatic option.
1    A1                                                                   SEPTEMBER  24, 2019  MSC Nastran 11/19/16   PAGE    10
                                                                                                                                    
0                                                                                                                                   
 
                                              R E A L   E I G E N V A L U E S
   MODE    EXTRACTION      EIGENVALUE            RADIANS             CYCLES            GENERALIZED         GENERALIZED
    NO.       ORDER                                                                       MASS              STIFFNESS
        1         1        6.929224E+07        8.324196E+03        1.324837E+03        1.000000E+00        6.929224E+07
        2         2        6.929225E+07        8.324197E+03        1.324837E+03        1.000000E+00        6.929225E+07
        3         3        1.036371E+09        3.219272E+04        5.123630E+03        1.000000E+00        1.036371E+09
        4         4        3.317532E+09        5.759802E+04        9.167009E+03        1.000000E+00        3.317532E+09
1    A1                                                                   SEPTEMBER  24, 2019  MSC Nastran 11/19/16   PAGE    11
                                                                                                                                    
0                                                                                                                                   
0 RESULTANTS ABOUT ORIGIN OF SUPERELEMENT BASIC COORDINATE SYSTEM IN SUPERELEMENT BASIC SYSTEM COORDINATES.

0                                                  SPCFORCE RESULTANT       
  SUBCASE/    LOAD
  DAREA ID    TYPE       T1            T2            T3            R1            R2            R3
0        1     FX    0.000000E+00     ----          ----          ----       0.000000E+00  0.000000E+00                             
               FY       ----      -1.188195E+07     ----       0.000000E+00     ----       0.000000E+00                             
               FZ       ----          ----       0.000000E+00  0.000000E+00  0.000000E+00     ----                                  
               MX       ----          ----          ----       0.000000E+00     ----          ----                                  
               MY       ----          ----          ----          ----       0.000000E+00     ----                                  
               MZ       ----          ----          ----          ----          ----      -3.564586E+07                             
             TOTALS  0.000000E+00 -1.188195E+07  0.000000E+00  0.000000E+00  0.000000E+00 -3.564586E+07
0        2     FX    0.000000E+00     ----          ----          ----       0.000000E+00  0.000000E+00                             
               FY       ----       0.000000E+00     ----       0.000000E+00     ----       0.000000E+00                             
               FZ       ----          ----      -1.188195E+07  0.000000E+00  0.000000E+00     ----                                  
               MX       ----          ----          ----       0.000000E+00     ----          ----                                  
               MY       ----          ----          ----          ----       3.564586E+07     ----                                  
               MZ       ----          ----          ----          ----          ----       0.000000E+00                             
             TOTALS  0.000000E+00  0.000000E+00 -1.188195E+07  0.000000E+00  3.564586E+07  0.000000E+00
0        3     FX   -1.777127E+08     ----          ----          ----       0.000000E+00  0.000000E+00                             
               FY       ----       0.000000E+00     ----       0.000000E+00     ----       0.000000E+00                             
               FZ       ----          ----       0.000000E+00  0.000000E+00  0.000000E+00     ----                                  
               MX       ----          ----          ----       0.000000E+00     ----          ----                                  
               MY       ----          ----          ----          ----       0.000000E+00     ----                                  
               MZ       ----          ----          ----          ----          ----       0.000000E+00                             
             TOTALS -1.777127E+08  0.000000E+00  0.000000E+00  0.000000E+00  0.000000E+00  0.000000E+00
0        4     FX    0.000000E+00     ----          ----          ----       0.000000E+00  0.000000E+00                             
               FY       ----       0.000000E+00     ----       0.000000E+00     ----       0.000000E+00                             
               FZ       ----          ----       0.000000E+00  0.000000E+00  0.000000E+00     ----                                  
               MX       ----          ----          ----      -1.388417E+08     ----          ----                                  
               MY       ----          ----          ----          ----       0.000000E+00     ----                                  
               MZ       ----          ----          ----          ----          ----       0.000000E+00                             
             TOTALS  0.000000E+00  0.000000E+00  0.000000E+00 -1.388417E+08  0.000000E+00  0.000000E+00
 *** USER INFORMATION MESSAGE 4114 (OUTPX2)
     DATA BLOCK OQG1     WRITTEN ON FORTRAN UNIT  12 IN BINARY (LTLEND) FORMAT USING NDDL DESCRIPTION FOR OQG1, TRL =
                    101                 0                64                 0                 0                 0                 4
     NAME OF DATA BLOCK WRITTEN ON FORTRAN UNIT IS OQG1    
        (MAXIMUM POSSIBLE FORTRAN RECORD SIZE =       65538 WORDS.)
     (MAXIMUM SIZE OF FORTRAN RECORDS WRITTEN =         146 WORDS.)
           (NUMBER OF FORTRAN RECORDS WRITTEN =          50 RECORDS.)
           (TOTAL DATA WRITTEN FOR DATA BLOCK =         705 WORDS.)
 *** USER INFORMATION MESSAGE 4114 (OUTPX2)
     DATA BLOCK OUG1     WRITTEN ON FORTRAN UNIT  12 IN BINARY (LTLEND) FORMAT USING NDDL DESCRIPTION FOR OUG1, TRL =
                    101                 0                64                 0                 0                 0                 4
     NAME OF DATA BLOCK WRITTEN ON FORTRAN UNIT IS OUG1    
        (MAXIMUM POSSIBLE FORTRAN RECORD SIZE =       65538 WORDS.)
     (MAXIMUM SIZE OF FORTRAN RECORDS WRITTEN =         146 WORDS.)
           (NUMBER OF FORTRAN RECORDS WRITTEN =          50 RECORDS.)
           (TOTAL DATA WRITTEN FOR DATA BLOCK =         705 WORDS.)
 *** USER INFORMATION MESSAGE 4110 (OUTPX2)
                                 END-OF-DATA SIMULATION ON FORTRAN UNIT 12
                                 (MAXIMUM SIZE OF FORTRAN RECORDS WRITTEN =      1 WORDS.)
                                       (NUMBER OF FORTRAN RECORDS WRITTEN =      1 RECORDS.)
                                       (TOTAL DATA WRITTEN FOR EOF MARKER =      1 WORDS.)
1    A1                                                                   SEPTEMBER  24, 2019  MSC Nastran 11/19/16   PAGE    12
                                                                                                                                    
0                                                                                                                                   
 * * * *  D B D I C T   P R I N T  * * * *      SUBDMAP = PRTSUM  ,  DMAP STATEMENT NO.     71



0                                   * * * *  A N A L Y S I S  S U M M A R Y  T A B L E  * * * *
0 SEID  PEID PROJ VERS APRCH      SEMG SEMR SEKR SELG SELR MODES DYNRED SOLLIN PVALID SOLNL LOOPID DESIGN CYCLE SENSITIVITY
 --------------------------------------------------------------------------------------------------------------------------
     0     0    1    1 '        '    T    T    T    T    T     T      F      T      0     F     -1            0           F
0SEID = SUPERELEMENT ID.
 PEID = PRIMARY SUPERELEMENT ID OF IMAGE SUPERELEMENT.
 PROJ = PROJECT ID NUMBER.
 VERS = VERSION ID.
 APRCH = BLANK FOR STRUCTURAL ANALYSIS.  HEAT FOR HEAT TRANSFER ANALYSIS.
 SEMG = STIFFNESS AND MASS MATRIX GENERATION STEP.
 SEMR = MASS MATRIX REDUCTION STEP (INCLUDES EIGENVALUE SOLUTION FOR MODES).
 SEKR = STIFFNESS MATRIX REDUCTION STEP.
 SELG = LOAD MATRIX GENERATION STEP.
 SELR = LOAD MATRIX REDUCTION STEP. 
 MODES = T (TRUE) IF NORMAL MODES OR BUCKLING MODES CALCULATED.
 DYNRED = T (TRUE) MEANS GENERALIZED DYNAMIC AND/OR COMPONENT MODE REDUCTION PERFORMED.
 SOLLIN = T (TRUE) IF LINEAR SOLUTION EXISTS IN DATABASE.
 PVALID = P-DISTRIBUTION ID OF P-VALUE FOR P-ELEMENTS
 LOOPID = THE LAST LOOPID VALUE USED IN THE NONLINEAR ANALYSIS.  USEFUL FOR RESTARTS.
 SOLNL = T (TRUE) IF NONLINEAR SOLUTION EXISTS IN DATABASE.
 DESIGN CYCLE = THE LAST DESIGN CYCLE (ONLY VALID IN OPTIMIZATION).
 SENSITIVITY = SENSITIVITY MATRIX GENERATION FLAG.
 
 No PARAM values were set in the Control File.
 
1                                        * * * END OF JOB * * *
 
 
 No Symbolic Replacement variables or values were specified.

